<?xml version="1.0" encoding="UTF-8"?>
<testng-results ignored="0" total="1" passed="1" failed="0" skipped="0">
  <reporter-output>
  </reporter-output>
  <suite started-at="2024-09-25T15:39:42 IST" name="Nimbello Assignment" finished-at="2024-09-25T15:40:16 IST" duration-ms="33797">
    <groups>
    </groups>
    <test started-at="2024-09-25T15:39:42 IST" name="Assignment" finished-at="2024-09-25T15:40:16 IST" duration-ms="33797">
      <class name="com.tests.LoginPageTest">
        <test-method is-config="true" signature="launchBrowser(java.lang.String)[pri:0, instance:com.tests.LoginPageTest@2fb3536e]" started-at="2024-09-25T15:39:42 IST" name="launchBrowser" finished-at="2024-09-25T15:39:44 IST" duration-ms="1581" status="PASS">
          <params>
            <param index="0">
              <value>
                <![CDATA[chrome]]>
              </value>
            </param>
          </params>
          <reporter-output>
          </reporter-output>
        </test-method> <!-- launchBrowser -->
        <test-method is-config="true" signature="setUp(java.lang.String)[pri:0, instance:com.tests.LoginPageTest@2fb3536e]" started-at="2024-09-25T15:39:44 IST" name="setUp" finished-at="2024-09-25T15:40:00 IST" depends-on-methods="com.base.BaseTest.launchBrowser" duration-ms="16195" status="PASS">
          <params>
            <param index="0">
              <value>
                <![CDATA[prod]]>
              </value>
            </param>
          </params>
          <reporter-output>
          </reporter-output>
        </test-method> <!-- setUp -->
        <test-method signature="completeFlow()[pri:0, instance:com.tests.LoginPageTest@2fb3536e]" started-at="2024-09-25T15:40:00 IST" name="completeFlow" finished-at="2024-09-25T15:40:15 IST" duration-ms="15322" status="PASS">
          <reporter-output>
          </reporter-output>
        </test-method> <!-- completeFlow -->
        <test-method is-config="true" signature="quitBrowser()[pri:0, instance:com.tests.LoginPageTest@2fb3536e]" started-at="2024-09-25T15:40:15 IST" name="quitBrowser" finished-at="2024-09-25T15:40:16 IST" duration-ms="664" status="PASS">
          <reporter-output>
          </reporter-output>
        </test-method> <!-- quitBrowser -->
      </class> <!-- com.tests.LoginPageTest -->
    </test> <!-- Assignment -->
  </suite> <!-- Nimbello Assignment -->
</testng-results>
